<?xml version="1.0" encoding="UTF-8"?>
<testsuite name="Runner" tests="0" skipped="0" failures="0" errors="0" timestamp="1970-01-01T00:00:00" hostname="SG-2791" time="0.0">
  <properties/>
  <system-out><![CDATA[Feature: Look for accomodation

  Scenario Outline: Look for accomodation with valid params ?[90m# src/test/resources/features/search.feature:3?[0m
    ?[36mGiven The airbnb web site is accessible?[0m
    ?[36mAnd The cookies policy is closed?[0m
    ?[36mWhen The search form is filled up with a location "<location>"?[0m
    ?[36mAnd The search form is filled up with a checkin "<checkin>" and a checkout "<checkout>" date?[0m
    ?[36mAnd The search form is filled up with a number of guests  "<adults>" ,  "<children>" , "<babies>"?[0m
    ?[36mThen The result page is displayed?[0m

    Examples: 

  Scenario Outline: Look for accomodation with valid params                                                    ?[90m# src/test/resources/features/search.feature:12?[0m

?[31mFailed scenarios:?[0m
?[31msrc/test/resources/features/search.feature:12 ?[0m# Look for accomodation with valid params

1 Scenarios (?[31m1 failed?[0m)
6 Steps (?[31m1 failed?[0m, ?[36m2 skipped?[0m, ?[32m3 passed?[0m)
0m25,817s

java.lang.AssertionError: Fail while typing checkin date
	at org.junit.Assert.fail(Assert.java:88)
	at org.junit.Assert.assertTrue(Assert.java:41)
	at Pages.AirBnbSearchPage.selectCheckInDate(AirBnbSearchPage.java:86)
	at implementation.StepImplementation.selectCheckInDate(StepImplementation.java:29)
	at implementation.StepImplementation$$EnhancerByCGLIB$$a01af4e2.CGLIB$selectCheckInDate$1(<generated>)
	at implementation.StepImplementation$$EnhancerByCGLIB$$a01af4e2$$FastClassByCGLIB$$af686886.invoke(<generated>)
	at net.sf.cglib.proxy.MethodProxy.invokeSuper(MethodProxy.java:228)
	at net.thucydides.core.steps.StepInterceptor.invokeMethod(StepInterceptor.java:464)
	at net.thucydides.core.steps.StepInterceptor.executeTestStepMethod(StepInterceptor.java:449)
	at net.thucydides.core.steps.StepInterceptor.runTestStep(StepInterceptor.java:424)
	at net.thucydides.core.steps.StepInterceptor.runOrSkipMethod(StepInterceptor.java:165)
	at net.thucydides.core.steps.StepInterceptor.testStepResult(StepInterceptor.java:152)
	at net.thucydides.core.steps.StepInterceptor.intercept(StepInterceptor.java:70)
	at implementation.StepImplementation$$EnhancerByCGLIB$$a01af4e2.selectCheckInDate(<generated>)
	at definitions.MyStepdefs.theSearchFormIsFilledUpWithACheckinAndACheckoutDate(MyStepdefs.java:38)
	at ?.The search form is filled up with a checkin "February 5, 2020" and a checkout "February 22, 2020" date(src/test/resources/features/search.feature:7)

]]></system-out>
  <system-err><![CDATA[[Test worker] INFO net.thucydides.core.steps.ConsoleLoggingListener - ?[36m

-------------------------------------------------------------------------------------
     _______. _______ .______       _______ .__   __.  __  .___________.____    ____ 
    /       ||   ____||   _  \     |   ____||  \ |  | |  | |           |\   \  /   / 
   |   (----`|  |__   |  |_)  |    |  |__   |   \|  | |  | `---|  |----` \   \/   /  
    \   \    |   __|  |      /     |   __|  |  . `  | |  |     |  |       \_    _/   
.----)   |   |  |____ |  |\  \----.|  |____ |  |\   | |  |     |  |         |  |     
|_______/    |_______|| _| `._____||_______||__| \__| |__|     |__|         |__|    
                                                                                     
 News and tutorials at http://www.serenity-bdd.info                                  
 Documentation at https://wakaleo.gitbooks.io/the-serenity-book/content/             
 Join the Serenity Community on Rocket Chat at https://serenity-bdd.rocket.chat      
 Serenity BDD Support and Training at http://serenity-bdd.info/#/trainingandsupport  
 Learn Serenity BDD online at http://serenity-dojo.com                               
-------------------------------------------------------------------------------------
?[0m
[Test worker] INFO net.thucydides.core.steps.ConsoleLoggingListener - Test Suite Started: Look for accomodation
[Test worker] INFO net.thucydides.core.steps.ConsoleLoggingListener - 
 _____ _____ ____ _____   ____ _____  _    ____ _____ _____ ____  
|_   _| ____/ ___|_   _| / ___|_   _|/ \  |  _ \_   _| ____|  _ \ 
  | | |  _| \___ \ | |   \___ \ | | / _ \ | |_) || | |  _| | | | |
  | | | |___ ___) || |    ___) || |/ ___ \|  _ < | | | |___| |_| |
  |_| |_____|____/ |_|   |____/ |_/_/   \_\_| \_\|_| |_____|____/ 
                                                                  

TEST STARTED: Look for accomodation with valid params
-------------------------------------------------------------------(look-for-accomodation;look-for-accomodation-with-valid-params)
]]></system-err>
</testsuite>
