<?xml version="1.0" encoding="UTF-8"?>
<testsuite name="Look for accomodation" tests="1" skipped="0" failures="0" errors="0" timestamp="2019-11-26T06:58:48" hostname="SG-2791" time="23.083">
  <properties/>
  <testcase name="Look for accomodation with valid params" classname="Look for accomodation" time="23.083"/>
  <system-out><![CDATA[    ?[32mGiven ?[0m?[32mThe airbnb web site is accessible?[0m                                                                    ?[90m# MyStepdefs.theAirbnbWebSiteIsAccessible()?[0m
    ?[32mAnd ?[0m?[32mThe cookies policy is closed?[0m                                                                           ?[90m# MyStepdefs.theCookiesPolicyIsClosed()?[0m
    ?[32mWhen ?[0m?[32mThe search form is filled up with a location "?[0m?[32m?[1mCalifornia, Estados Unidos?[0m?[32m"?[0m                             ?[90m# MyStepdefs.theSearchFormIsFilledUpWithALocation(String)?[0m
El valor de i es: 0
El valor de i es: 1
El valor de i es: 2
El valor de i es: 3
El valor de i es: 4
La fecha a buscar en el calendario es: 5 de febrero de 2020
La fecha a buscar en el calendario es: 22 de febrero de 2020
    ?[32mAnd ?[0m?[32mThe search form is filled up with a checkin "?[0m?[32m?[1mFebruary 5, 2020?[0m?[32m" and a checkout "?[0m?[32m?[1mFebruary 22, 2020?[0m?[32m" date?[0m ?[90m# MyStepdefs.theSearchFormIsFilledUpWithACheckinAndACheckoutDate(String,String)?[0m
    ?[32mAnd ?[0m?[32mThe search form is filled up with a number of guests  "?[0m?[32m?[1m4?[0m?[32m" ,  "?[0m?[32m?[1m2?[0m?[32m" , "?[0m?[32m?[1m1?[0m?[32m"?[0m                                 ?[90m# MyStepdefs.theSearchFormIsFilledUpWithANumberOfGuests(String,String,String)?[0m
    ?[32mThen ?[0m?[32mThe result page is displayed?[0m                                                                          ?[90m# MyStepdefs.theResultPageIsDisplayed()?[0m
]]></system-out>
  <system-err><![CDATA[nov. 26, 2019 7:58:48 A. M. org.openqa.selenium.remote.DesiredCapabilities chrome
INFORMACIÓN: Using `new ChromeOptions()` is preferred to `DesiredCapabilities.chrome()`
Starting ChromeDriver 78.0.3904.70 (edb9c9f3de0247fd912a77b7f6cae7447f6d3ad5-refs/branch-heads/3904@{#800}) on port 1688
Only local connections are allowed.
Please protect ports used by ChromeDriver and related test frameworks to prevent access by malicious code.
[1574751532.124][WARNING]: Timed out connecting to Chrome, retrying...
nov. 26, 2019 7:58:54 A. M. org.openqa.selenium.remote.ProtocolHandshake createSession
INFORMACIÓN: Detected dialect: W3C
[1574751536.226][WARNING]: Timed out connecting to Chrome, retrying...
[Test worker] INFO net.thucydides.core.steps.ConsoleLoggingListener - 
        __    _____ _____ ____ _____   ____   _    ____  ____  _____ ____  
  _     \ \  |_   _| ____/ ___|_   _| |  _ \ / \  / ___|/ ___|| ____|  _ \ 
 (_)_____| |   | | |  _| \___ \ | |   | |_) / _ \ \___ \\___ \|  _| | | | |
  _|_____| |   | | | |___ ___) || |   |  __/ ___ \ ___) |___) | |___| |_| |
 (_)     | |   |_| |_____|____/ |_|   |_| /_/   \_\____/|____/|_____|____/ 
        /_/                                                                

TEST PASSED: Look for accomodation with valid params
----------------------------------------------------------------------------
]]></system-err>
</testsuite>
